<?xml version="1.0" encoding="UTF-8"?>
<!-- Generated by org.testng.reporters.JUnitXMLReporter -->
<testsuite ignored="0" hostname="Jonathan" failures="0" tests="6" name="Regression" time="55.644" errors="0" timestamp="20 Jun 2022 19:23:31 GMT">
  <testcase classname="scripts.CarvanaTestScript" name="testCarvanaHomeTitleUrl" time="2.238"/>
  <testcase classname="scripts.CarvanaTestScript" name="testCarvanaLogo" time="2.608"/>
  <testcase classname="scripts.CarvanaTestScript" name="testCarvanaMainNavigationSectionsItems" time="2.26"/>
  <testcase classname="scripts.CarvanaTestScript" name="testCarvanaSignInErrorMessage" time="3.872"/>
  <testcase classname="scripts.CarvanaTestScript" name="testCarvanaSearchFilterAndButton" time="7.421"/>
  <testcase classname="scripts.CarvanaTestScript" name="testCarvanaSearchResultTiles" time="12.84"/>
</testsuite> <!-- Regression -->
